<?xml version="1.0" encoding="UTF-8"?>
<testng-results skipped="0" failed="0" total="1" passed="1">
  <reporter-output>
  </reporter-output>
  <suite name="Maven Two" duration-ms="6942" started-at="2015-08-05T05:12:38Z" finished-at="2015-08-05T05:12:45Z">
    <groups>
    </groups>
    <test name="TestNg Maven Two" duration-ms="6942" started-at="2015-08-05T05:12:38Z" finished-at="2015-08-05T05:12:45Z">
      <class name="com.hello.seleniumtests.SeleniumTest">
        <test-method status="PASS" signature="initWebDriver()[pri:0, instance:com.hello.seleniumtests.SeleniumTest@1e643faf]" name="initWebDriver" is-config="true" duration-ms="4412" started-at="2015-08-05T00:12:38Z" finished-at="2015-08-05T00:12:43Z">
          <reporter-output>
          </reporter-output>
        </test-method> <!-- initWebDriver -->
        <test-method status="PASS" signature="seleniumTest()[pri:0, instance:com.hello.seleniumtests.SeleniumTest@1e643faf]" name="seleniumTest" duration-ms="2013" started-at="2015-08-05T00:12:43Z" finished-at="2015-08-05T00:12:45Z">
          <reporter-output>
          </reporter-output>
        </test-method> <!-- seleniumTest -->
        <test-method status="PASS" signature="tearUp()[pri:0, instance:com.hello.seleniumtests.SeleniumTest@1e643faf]" name="tearUp" is-config="true" duration-ms="507" started-at="2015-08-05T00:12:45Z" finished-at="2015-08-05T00:12:45Z">
          <reporter-output>
          </reporter-output>
        </test-method> <!-- tearUp -->
      </class> <!-- com.hello.seleniumtests.SeleniumTest -->
    </test> <!-- TestNg Maven Two -->
  </suite> <!-- Maven Two -->
</testng-results>
