<?xml version="1.0" encoding="UTF-8"?>
<testng-results skipped="0" failed="0" total="1" passed="1">
  <reporter-output>
  </reporter-output>
  <suite name="Maven Two" duration-ms="7568" started-at="2015-08-05T05:12:11Z" finished-at="2015-08-05T05:12:19Z">
    <groups>
    </groups>
    <test name="TestNg Maven Two" duration-ms="7568" started-at="2015-08-05T05:12:11Z" finished-at="2015-08-05T05:12:19Z">
      <class name="com.hello.seleniumtests.SeleniumTest">
        <test-method status="PASS" signature="initWebDriver()[pri:0, instance:com.hello.seleniumtests.SeleniumTest@5a39699c]" name="initWebDriver" is-config="true" duration-ms="5013" started-at="2015-08-05T00:12:11Z" finished-at="2015-08-05T00:12:16Z">
          <reporter-output>
          </reporter-output>
        </test-method> <!-- initWebDriver -->
        <test-method status="PASS" signature="seleniumTest()[pri:0, instance:com.hello.seleniumtests.SeleniumTest@5a39699c]" name="seleniumTest" duration-ms="2024" started-at="2015-08-05T00:12:16Z" finished-at="2015-08-05T00:12:18Z">
          <reporter-output>
          </reporter-output>
        </test-method> <!-- seleniumTest -->
        <test-method status="PASS" signature="tearUp()[pri:0, instance:com.hello.seleniumtests.SeleniumTest@5a39699c]" name="tearUp" is-config="true" duration-ms="515" started-at="2015-08-05T00:12:18Z" finished-at="2015-08-05T00:12:19Z">
          <reporter-output>
          </reporter-output>
        </test-method> <!-- tearUp -->
      </class> <!-- com.hello.seleniumtests.SeleniumTest -->
    </test> <!-- TestNg Maven Two -->
  </suite> <!-- Maven Two -->
</testng-results>
